Build started 04-Jun-15 11:17:48.
     1>Project "D:\Study\5_course\II_semestr\labs\PSOK\20pDelayLoadApp\20-DelayLoadApp\20 DelayLoadApp.vcxproj" on node 2 (Build target(s)).
     1>ClCompile:
         C:\Program Files (x86)\Microsoft Visual Studio 12.0\VC\bin\CL.exe /c /ZI /nologo /W4 /WX- /Od /Oy- /D WIN32 /D _DEBUG /D _WINDOWS /Gm- /EHsc /MD /GS /fp:precise /Zc:wchar_t /Zc:forScope /Fo".\Debug/" /Fd".\Debug/vc120.pdb" /Gd /TP /analyze- /errorReport:prompt DelayLoadApp.cpp
         DelayLoadApp.cpp
     1>d:\study\5_course\ii_semestr\labs\psok\20pdelayloadapp\20-delayloadapp\cmnhdr.h(224): warning C4996: 'GetVersionExA': was declared deprecated
                 c:\program files (x86)\windows kits\8.1\include\um\sysinfoapi.h(433) : see declaration of 'GetVersionExA'
     1>d:\study\5_course\ii_semestr\labs\psok\20pdelayloadapp\20-delayloadapp\cmnhdr.h(234): warning C4996: 'GetVersionExA': was declared deprecated
                 c:\program files (x86)\windows kits\8.1\include\um\sysinfoapi.h(433) : see declaration of 'GetVersionExA'
       Link:
         C:\Program Files (x86)\Microsoft Visual Studio 12.0\VC\bin\link.exe /ERRORREPORT:PROMPT /OUT:".\..\Alpha32\Debug/20 DelayLoadApp.exe" /INCREMENTAL:NO /NOLOGO kernel32.lib user32.lib gdi32.lib winspool.lib comdlg32.lib advapi32.lib shell32.lib ole32.lib oleaut32.lib uuid.lib odbc32.lib odbccp32.lib /MANIFEST /MANIFESTUAC:"level='asInvoker' uiAccess='false'" /manifest:embed /DEBUG /PDB:".\..\Alpha32\Debug/20 DelayLoadApp.pdb" /SUBSYSTEM:WINDOWS /TLBID:1 /DYNAMICBASE /NXCOMPAT /IMPLIB:".\..\Alpha32\Debug\20 DelayLoadApp.lib" /MACHINE:X86 /SAFESEH .\Debug\DelayLoadApp.res
         .\Debug/DelayLoadApp.obj
         "D:\Study\5_course\II_semestr\labs\PSOK\20pDelayLoadApp\Alpha32\Debug\20 DelayLoadLib.lib"
     1>DelayLoadApp.obj : warning LNK4229: invalid directive '/DelayLoad:20 DelayLoadLib.dll' encountered; ignored
     1>DelayLoadApp.obj : warning LNK4229: invalid directive '/Delay:unload' encountered; ignored
     1>DelayLoadApp.obj : warning LNK4075: ignoring '/EDITANDCONTINUE' due to '/OPT:LBR' specification
         20 DelayLoadApp.vcxproj -> D:\Study\5_course\II_semestr\labs\PSOK\20pDelayLoadApp\20-DelayLoadApp\.\..\Alpha32\Debug\20 DelayLoadApp.exe
     1>Done Building Project "D:\Study\5_course\II_semestr\labs\PSOK\20pDelayLoadApp\20-DelayLoadApp\20 DelayLoadApp.vcxproj" (Build target(s)).

Build succeeded.

Time Elapsed 00:00:10.93
